
           ####    G N O M   ---   Version 4.6                       ####

                                                  Wed Apr 27 10:08:14 2011
           ===    Run No   1   ===
 Run title:  0.010641 396.843722 0.193015



          To optimize the performance, some input data points 
           have been joined. New number of points equals to 257

   *******    Input file(s) : Bsu_00_1_23.dat
           Condition P(rmin) = 0 is used. 
           Condition P(rmax) = 0 is used. 

          Highest ALPHA is found to be   0.2003E+05

  The measure of inconsistency AN1 equals to    0.9693E+00
     Alpha    Discrp  Oscill  Stabil  Sysdev  Positv  Valcen    Total   
  0.2003E+08289.7009  1.3046  0.9701  0.0000  1.0000  0.8236  0.33336
  0.4007E+07272.9906  1.2812  0.9022  0.0781  1.0000  0.8287  0.34155
  0.8014E+06222.4948  1.2077  0.7161  0.0234  1.0000  0.8469  0.36524
  0.1603E+06139.1637  1.1384  0.4603  0.0547  1.0000  0.8786  0.39080
  0.3205E+05 59.2605  1.1686  0.1872  0.0391  1.0000  0.9017  0.42288
  0.6411E+04 19.9630  1.2598  0.0756  0.0625  1.0000  0.9127  0.56001
  0.1282E+04  5.4284  1.3373  0.0294  0.2031  1.0000  0.9155  0.60927
  0.2564E+03  1.5321  1.3657  0.0076  0.5234  1.0000  0.9159  0.61470
  0.5129E+02  0.9475  1.3736  0.0024  0.6953  1.0000  0.9160  0.65579
  0.1026E+02  0.8966  1.3766  0.0016  0.7266  1.0000  0.9162  0.66802
  0.2052E+01  0.8916  1.3782  0.0019  0.7266  1.0000  0.9164  0.66875
  0.4103E+00  0.8901  1.3818  0.0058  0.7422  1.0000  0.9166  0.66863
  0.8206E-01  0.8861  1.4318  0.0209  0.7734  1.0000  0.9171  0.65109
  0.1641E-01  0.8774  1.8493  0.0416  0.7734  0.9996  0.9176  0.50092
  0.3282E-02  0.8713  2.7194  0.0480  0.7891  0.9979  0.9153  0.44467
  0.6565E-03  0.8673  4.7295  0.1803  0.7734  0.9917  0.9000  0.24730
  0.1313E-03  0.8611 10.1018  0.2667  0.7266  0.9576  0.8248  0.16724
  0.2626E-04  0.8572 15.2407  0.3766  0.7266  0.8976  0.7052  0.00000

          ***  Golden section search to maximize estimate ***
     Alpha    Discrp  Oscill  Stabil  Sysdev  Positv  Valcen    Total   
  0.7587E+00  0.8907  1.3795  0.0036  0.7422  1.0000  0.9165  0.66950
  0.1403E+01  0.8913  1.3786  0.0024  0.7266  1.0000  0.9164  0.66869
  0.9595E+00  0.8910  1.3791  0.0031  0.7422  1.0000  0.9164  0.66964
  0.1214E+01  0.8912  1.3787  0.0026  0.7422  1.0000  0.9164  0.66974
  0.1283E+01  0.8912  1.3787  0.0025  0.7266  1.0000  0.9164  0.66867
  0.1173E+01  0.8911  1.3788  0.0027  0.7422  1.0000  0.9164  0.66972
  0.1239E+01  0.8912  1.3787  0.0026  0.7266  1.0000  0.9164  0.66866
  0.1198E+01  0.8912  1.3788  0.0026  0.7422  1.0000  0.9164  0.66973
  0.1223E+01  0.8912  1.3787  0.0026  0.7422  1.0000  0.9164  0.66974
  0.1229E+01  0.8912  1.3787  0.0026  0.7266  1.0000  0.9164  0.66866
  0.1220E+01  0.8912  1.3787  0.0026  0.7422  1.0000  0.9164  0.66974
  0.1226E+01  0.8912  1.3787  0.0026  0.7422  1.0000  0.9164  0.66974
  0.1227E+01  0.8912  1.3787  0.0026  0.7422  1.0000  0.9164  0.66974
  0.1228E+01  0.8912  1.3787  0.0026  0.7422  1.0000  0.9164  0.66974
  0.1229E+01  0.8912  1.3787  0.0026  0.7422  1.0000  0.9164  0.66974
  0.1229E+01  0.8912  1.3787  0.0026  0.7422  1.0000  0.9164  0.66974
  0.1229E+01  0.8912  1.3787  0.0026  0.7422  1.0000  0.9164  0.66974
  0.1229E+01  0.8912  1.3787  0.0026  0.7422  1.0000  0.9164  0.66974



             ####            Final results            ####

 Parameter    DISCRP    OSCILL    STABIL    SYSDEV    POSITV    VALCEN
 Weight        1.000     3.000     3.000     3.000     1.000     1.000
 Sigma         0.300     0.600     0.120     0.120     0.120     0.120
 Ideal         0.700     1.100     0.000     1.000     1.000     0.950
 Current       0.891     1.379     0.003     0.742     1.000     0.916
                - - - - - - - - - - - - - - - - - - - - - - - - - 
 Estimate      0.666     0.806     1.000     0.010     1.000     0.925

  Angular   range    :     from    0.0116   to    0.3225
  Real space range   :     from      0.00   to    108.00

  Highest ALPHA (theor) :   0.200E+08                 JOB = 0
  Current ALPHA         :   0.123E+01   Rg :  0.315E+02   I(0) :   0.423E+03

           Total  estimate : 0.670  which is  A REASONABLE  solution

      S          J EXP       ERROR       J REG       I REG

  0.0000E+00                                      0.4233E+03
  0.1284E-02                                      0.4230E+03
  0.2568E-02                                      0.4223E+03
  0.3851E-02                                      0.4212E+03
  0.5135E-02                                      0.4196E+03
  0.6419E-02                                      0.4175E+03
  0.7703E-02                                      0.4150E+03
  0.8986E-02                                      0.4121E+03
  0.1027E-01                                      0.4087E+03
  0.1155E-01  0.4072E+03  0.1721E+01  0.4049E+03  0.4049E+03
  0.1277E-01  0.3990E+03  0.1518E+01  0.4010E+03  0.4010E+03
  0.1399E-01  0.3973E+03  0.1157E+01  0.3967E+03  0.3967E+03
  0.1520E-01  0.3922E+03  0.1820E+01  0.3920E+03  0.3920E+03
  0.1642E-01  0.3869E+03  0.9913E+00  0.3871E+03  0.3871E+03
  0.1763E-01  0.3833E+03  0.6873E+00  0.3818E+03  0.3818E+03
  0.1885E-01  0.3773E+03  0.6534E+00  0.3762E+03  0.3762E+03
  0.2007E-01  0.3711E+03  0.6149E+00  0.3703E+03  0.3703E+03
  0.2128E-01  0.3645E+03  0.6150E+00  0.3642E+03  0.3642E+03
  0.2250E-01  0.3568E+03  0.6877E+00  0.3578E+03  0.3578E+03
  0.2371E-01  0.3511E+03  0.4913E+00  0.3511E+03  0.3511E+03
  0.2493E-01  0.3446E+03  0.4605E+00  0.3443E+03  0.3443E+03
  0.2615E-01  0.3374E+03  0.4976E+00  0.3372E+03  0.3372E+03
  0.2736E-01  0.3307E+03  0.5195E+00  0.3300E+03  0.3300E+03
  0.2858E-01  0.3230E+03  0.4221E+00  0.3226E+03  0.3226E+03
  0.2980E-01  0.3148E+03  0.4685E+00  0.3150E+03  0.3150E+03
  0.3101E-01  0.3076E+03  0.3724E+00  0.3073E+03  0.3073E+03
  0.3223E-01  0.3000E+03  0.3544E+00  0.2995E+03  0.2995E+03
  0.3344E-01  0.2917E+03  0.3983E+00  0.2916E+03  0.2916E+03
  0.3466E-01  0.2832E+03  0.4037E+00  0.2836E+03  0.2836E+03
  0.3588E-01  0.2751E+03  0.3885E+00  0.2756E+03  0.2756E+03
  0.3709E-01  0.2665E+03  0.3748E+00  0.2675E+03  0.2675E+03
  0.3831E-01  0.2588E+03  0.3714E+00  0.2594E+03  0.2594E+03
  0.3953E-01  0.2504E+03  0.3950E+00  0.2513E+03  0.2513E+03
  0.4074E-01  0.2428E+03  0.3775E+00  0.2432E+03  0.2432E+03
  0.4196E-01  0.2349E+03  0.3540E+00  0.2351E+03  0.2351E+03
  0.4317E-01  0.2270E+03  0.3422E+00  0.2271E+03  0.2271E+03
  0.4439E-01  0.2185E+03  0.3668E+00  0.2191E+03  0.2191E+03
  0.4561E-01  0.2106E+03  0.3306E+00  0.2112E+03  0.2112E+03
  0.4682E-01  0.2030E+03  0.3311E+00  0.2033E+03  0.2033E+03
  0.4804E-01  0.1955E+03  0.3321E+00  0.1956E+03  0.1956E+03
  0.4925E-01  0.1879E+03  0.3178E+00  0.1879E+03  0.1879E+03
  0.5047E-01  0.1803E+03  0.2882E+00  0.1804E+03  0.1804E+03
  0.5169E-01  0.1728E+03  0.2868E+00  0.1730E+03  0.1730E+03
  0.5290E-01  0.1655E+03  0.2732E+00  0.1658E+03  0.1658E+03
  0.5412E-01  0.1586E+03  0.2822E+00  0.1586E+03  0.1586E+03
  0.5534E-01  0.1518E+03  0.2819E+00  0.1517E+03  0.1517E+03
  0.5655E-01  0.1452E+03  0.2700E+00  0.1449E+03  0.1449E+03
  0.5777E-01  0.1384E+03  0.2580E+00  0.1383E+03  0.1383E+03
  0.5898E-01  0.1321E+03  0.2418E+00  0.1319E+03  0.1319E+03
  0.6020E-01  0.1258E+03  0.2558E+00  0.1256E+03  0.1256E+03
  0.6142E-01  0.1201E+03  0.2364E+00  0.1196E+03  0.1196E+03
  0.6263E-01  0.1144E+03  0.2257E+00  0.1137E+03  0.1137E+03
  0.6385E-01  0.1086E+03  0.2187E+00  0.1080E+03  0.1080E+03
  0.6506E-01  0.1029E+03  0.2123E+00  0.1025E+03  0.1025E+03
  0.6628E-01  0.9770E+02  0.1990E+00  0.9726E+02  0.9726E+02
  0.6750E-01  0.9215E+02  0.2029E+00  0.9218E+02  0.9218E+02
  0.6871E-01  0.8707E+02  0.1812E+00  0.8730E+02  0.8730E+02
  0.6993E-01  0.8223E+02  0.1779E+00  0.8263E+02  0.8263E+02
  0.7114E-01  0.7809E+02  0.1749E+00  0.7815E+02  0.7815E+02
  0.7236E-01  0.7411E+02  0.1555E+00  0.7387E+02  0.7387E+02
  0.7358E-01  0.6996E+02  0.1649E+00  0.6979E+02  0.6979E+02
  0.7479E-01  0.6600E+02  0.1557E+00  0.6590E+02  0.6590E+02
  0.7601E-01  0.6240E+02  0.1477E+00  0.6220E+02  0.6220E+02
  0.7723E-01  0.5894E+02  0.1437E+00  0.5868E+02  0.5868E+02
  0.7844E-01  0.5533E+02  0.1452E+00  0.5535E+02  0.5535E+02
  0.7966E-01  0.5217E+02  0.1337E+00  0.5220E+02  0.5220E+02
  0.8087E-01  0.4917E+02  0.1225E+00  0.4923E+02  0.4923E+02
  0.8209E-01  0.4613E+02  0.1134E+00  0.4642E+02  0.4642E+02
  0.8331E-01  0.4354E+02  0.1030E+00  0.4378E+02  0.4378E+02
  0.8452E-01  0.4121E+02  0.1099E+00  0.4129E+02  0.4129E+02
  0.8574E-01  0.3869E+02  0.1036E+00  0.3896E+02  0.3896E+02
  0.8696E-01  0.3671E+02  0.1029E+00  0.3678E+02  0.3678E+02
  0.8817E-01  0.3477E+02  0.9914E-01  0.3473E+02  0.3473E+02
  0.8939E-01  0.3279E+02  0.9707E-01  0.3283E+02  0.3283E+02
  0.9060E-01  0.3097E+02  0.9468E-01  0.3105E+02  0.3105E+02
  0.9182E-01  0.2933E+02  0.8966E-01  0.2939E+02  0.2939E+02
  0.9304E-01  0.2803E+02  0.8773E-01  0.2785E+02  0.2785E+02
  0.9425E-01  0.2654E+02  0.7708E-01  0.2642E+02  0.2642E+02
  0.9547E-01  0.2514E+02  0.7909E-01  0.2510E+02  0.2510E+02
  0.9668E-01  0.2378E+02  0.7780E-01  0.2387E+02  0.2387E+02
  0.9790E-01  0.2269E+02  0.7429E-01  0.2274E+02  0.2274E+02
  0.9912E-01  0.2165E+02  0.7616E-01  0.2169E+02  0.2169E+02
  0.1003E+00  0.2073E+02  0.8098E-01  0.2072E+02  0.2072E+02
  0.1015E+00  0.1974E+02  0.7659E-01  0.1983E+02  0.1983E+02
  0.1028E+00  0.1901E+02  0.7454E-01  0.1900E+02  0.1900E+02
  0.1040E+00  0.1827E+02  0.7144E-01  0.1824E+02  0.1824E+02
  0.1052E+00  0.1756E+02  0.7396E-01  0.1754E+02  0.1754E+02
  0.1064E+00  0.1698E+02  0.7035E-01  0.1689E+02  0.1689E+02
  0.1076E+00  0.1627E+02  0.6872E-01  0.1629E+02  0.1629E+02
  0.1088E+00  0.1576E+02  0.6593E-01  0.1573E+02  0.1573E+02
  0.1101E+00  0.1536E+02  0.7014E-01  0.1521E+02  0.1521E+02
  0.1113E+00  0.1475E+02  0.6919E-01  0.1473E+02  0.1473E+02
  0.1125E+00  0.1430E+02  0.6374E-01  0.1428E+02  0.1428E+02
  0.1137E+00  0.1381E+02  0.6575E-01  0.1386E+02  0.1386E+02
  0.1149E+00  0.1344E+02  0.6719E-01  0.1346E+02  0.1346E+02
  0.1161E+00  0.1309E+02  0.6328E-01  0.1308E+02  0.1308E+02
  0.1174E+00  0.1273E+02  0.6297E-01  0.1273E+02  0.1273E+02
  0.1186E+00  0.1244E+02  0.6514E-01  0.1239E+02  0.1239E+02
  0.1198E+00  0.1204E+02  0.6337E-01  0.1206E+02  0.1206E+02
  0.1210E+00  0.1163E+02  0.6247E-01  0.1174E+02  0.1174E+02
  0.1222E+00  0.1145E+02  0.5989E-01  0.1143E+02  0.1143E+02
  0.1234E+00  0.1107E+02  0.5957E-01  0.1113E+02  0.1113E+02
  0.1247E+00  0.1080E+02  0.5948E-01  0.1083E+02  0.1083E+02
  0.1259E+00  0.1064E+02  0.6058E-01  0.1054E+02  0.1054E+02
  0.1271E+00  0.1038E+02  0.5902E-01  0.1026E+02  0.1026E+02
  0.1283E+00  0.1004E+02  0.5816E-01  0.9970E+01  0.9970E+01
  0.1295E+00  0.9590E+01  0.6095E-01  0.9686E+01  0.9686E+01
  0.1307E+00  0.9401E+01  0.5823E-01  0.9403E+01  0.9403E+01
  0.1320E+00  0.9164E+01  0.5846E-01  0.9120E+01  0.9120E+01
  0.1332E+00  0.8830E+01  0.6107E-01  0.8837E+01  0.8837E+01
  0.1344E+00  0.8646E+01  0.6151E-01  0.8553E+01  0.8553E+01
  0.1356E+00  0.8278E+01  0.6105E-01  0.8269E+01  0.8269E+01
  0.1368E+00  0.7994E+01  0.6088E-01  0.7985E+01  0.7985E+01
  0.1380E+00  0.7513E+01  0.5849E-01  0.7701E+01  0.7701E+01
  0.1392E+00  0.7360E+01  0.5811E-01  0.7417E+01  0.7417E+01
  0.1405E+00  0.7064E+01  0.5807E-01  0.7134E+01  0.7134E+01
  0.1417E+00  0.6944E+01  0.5604E-01  0.6852E+01  0.6852E+01
  0.1429E+00  0.6561E+01  0.5895E-01  0.6570E+01  0.6570E+01
  0.1441E+00  0.6369E+01  0.5526E-01  0.6291E+01  0.6291E+01
  0.1453E+00  0.5943E+01  0.5359E-01  0.6014E+01  0.6014E+01
  0.1465E+00  0.5728E+01  0.5584E-01  0.5740E+01  0.5740E+01
  0.1478E+00  0.5491E+01  0.5745E-01  0.5470E+01  0.5470E+01
  0.1490E+00  0.5218E+01  0.5673E-01  0.5203E+01  0.5203E+01
  0.1502E+00  0.4871E+01  0.5226E-01  0.4942E+01  0.4942E+01
  0.1514E+00  0.4597E+01  0.5448E-01  0.4686E+01  0.4686E+01
  0.1526E+00  0.4351E+01  0.5358E-01  0.4436E+01  0.4436E+01
  0.1538E+00  0.4188E+01  0.5490E-01  0.4192E+01  0.4192E+01
  0.1551E+00  0.3918E+01  0.4878E-01  0.3955E+01  0.3955E+01
  0.1563E+00  0.3570E+01  0.4854E-01  0.3726E+01  0.3726E+01
  0.1575E+00  0.3506E+01  0.4839E-01  0.3505E+01  0.3505E+01
  0.1587E+00  0.3341E+01  0.4912E-01  0.3292E+01  0.3292E+01
  0.1599E+00  0.3193E+01  0.4949E-01  0.3088E+01  0.3088E+01
  0.1611E+00  0.2880E+01  0.4822E-01  0.2893E+01  0.2893E+01
  0.1624E+00  0.2736E+01  0.5122E-01  0.2708E+01  0.2708E+01
  0.1636E+00  0.2616E+01  0.4688E-01  0.2532E+01  0.2532E+01
  0.1648E+00  0.2518E+01  0.4586E-01  0.2366E+01  0.2366E+01
  0.1660E+00  0.2346E+01  0.4983E-01  0.2210E+01  0.2210E+01
  0.1672E+00  0.2111E+01  0.4842E-01  0.2064E+01  0.2064E+01
  0.1684E+00  0.1936E+01  0.5024E-01  0.1928E+01  0.1928E+01
  0.1696E+00  0.1891E+01  0.5614E-01  0.1802E+01  0.1802E+01
  0.1709E+00  0.1716E+01  0.4655E-01  0.1686E+01  0.1686E+01
  0.1721E+00  0.1562E+01  0.4552E-01  0.1579E+01  0.1579E+01
  0.1733E+00  0.1517E+01  0.4953E-01  0.1482E+01  0.1482E+01
  0.1745E+00  0.1335E+01  0.4971E-01  0.1394E+01  0.1394E+01
  0.1757E+00  0.1323E+01  0.5008E-01  0.1316E+01  0.1316E+01
  0.1769E+00  0.1175E+01  0.5188E-01  0.1245E+01  0.1245E+01
  0.1782E+00  0.1052E+01  0.4745E-01  0.1183E+01  0.1183E+01
  0.1794E+00  0.1083E+01  0.4663E-01  0.1129E+01  0.1129E+01
  0.1806E+00  0.1089E+01  0.4488E-01  0.1083E+01  0.1083E+01
  0.1818E+00  0.1001E+01  0.4707E-01  0.1044E+01  0.1044E+01
  0.1830E+00  0.9532E+00  0.4434E-01  0.1011E+01  0.1011E+01
  0.1842E+00  0.1012E+01  0.4469E-01  0.9840E+00  0.9840E+00
  0.1855E+00  0.8804E+00  0.4441E-01  0.9630E+00  0.9630E+00
  0.1867E+00  0.1011E+01  0.4634E-01  0.9472E+00  0.9472E+00
  0.1879E+00  0.9905E+00  0.4613E-01  0.9360E+00  0.9360E+00
  0.1891E+00  0.8532E+00  0.4505E-01  0.9291E+00  0.9291E+00
  0.1903E+00  0.8299E+00  0.4517E-01  0.9260E+00  0.9260E+00
  0.1915E+00  0.8934E+00  0.4521E-01  0.9261E+00  0.9261E+00
  0.1928E+00  0.9283E+00  0.4527E-01  0.9291E+00  0.9291E+00
  0.1940E+00  0.9924E+00  0.4455E-01  0.9348E+00  0.9348E+00
  0.1952E+00  0.8664E+00  0.4507E-01  0.9418E+00  0.9418E+00
  0.1964E+00  0.9413E+00  0.3973E-01  0.9508E+00  0.9508E+00
  0.1976E+00  0.1048E+01  0.4474E-01  0.9609E+00  0.9609E+00
  0.1988E+00  0.1120E+01  0.4520E-01  0.9719E+00  0.9719E+00
  0.2001E+00  0.1141E+01  0.4904E-01  0.9834E+00  0.9834E+00
  0.2013E+00  0.1035E+01  0.5629E-01  0.9952E+00  0.9952E+00
  0.2025E+00  0.9003E+00  0.4496E-01  0.1007E+01  0.1007E+01
  0.2037E+00  0.9995E+00  0.5303E-01  0.1018E+01  0.1018E+01
  0.2049E+00  0.1069E+01  0.7087E-01  0.1030E+01  0.1030E+01
  0.2061E+00  0.1098E+01  0.5233E-01  0.1040E+01  0.1040E+01
  0.2073E+00  0.1051E+01  0.4311E-01  0.1050E+01  0.1050E+01
  0.2086E+00  0.1025E+01  0.4243E-01  0.1058E+01  0.1058E+01
  0.2098E+00  0.9803E+00  0.4404E-01  0.1066E+01  0.1066E+01
  0.2110E+00  0.9673E+00  0.4183E-01  0.1073E+01  0.1073E+01
  0.2122E+00  0.1081E+01  0.4169E-01  0.1079E+01  0.1079E+01
  0.2134E+00  0.1048E+01  0.4397E-01  0.1083E+01  0.1083E+01
  0.2146E+00  0.1159E+01  0.4198E-01  0.1087E+01  0.1087E+01
  0.2159E+00  0.1076E+01  0.4120E-01  0.1089E+01  0.1089E+01
  0.2171E+00  0.1080E+01  0.4220E-01  0.1091E+01  0.1091E+01
  0.2183E+00  0.1096E+01  0.4219E-01  0.1092E+01  0.1092E+01
  0.2195E+00  0.1153E+01  0.4131E-01  0.1092E+01  0.1092E+01
  0.2207E+00  0.1239E+01  0.4130E-01  0.1091E+01  0.1091E+01
  0.2219E+00  0.1201E+01  0.4274E-01  0.1090E+01  0.1090E+01
  0.2232E+00  0.1060E+01  0.4072E-01  0.1088E+01  0.1088E+01
  0.2244E+00  0.1007E+01  0.4028E-01  0.1086E+01  0.1086E+01
  0.2256E+00  0.1057E+01  0.3955E-01  0.1084E+01  0.1084E+01
  0.2268E+00  0.1133E+01  0.3980E-01  0.1081E+01  0.1081E+01
  0.2280E+00  0.1079E+01  0.4028E-01  0.1079E+01  0.1079E+01
  0.2292E+00  0.1118E+01  0.4151E-01  0.1077E+01  0.1077E+01
  0.2304E+00  0.1083E+01  0.2241E+01  0.1075E+01  0.1075E+01
  0.2317E+00  0.1076E+01  0.2282E+01  0.1074E+01  0.1074E+01
  0.2329E+00  0.9778E+00  0.3947E-01  0.1073E+01  0.1073E+01
  0.2341E+00  0.9523E+00  0.3895E-01  0.1073E+01  0.1073E+01
  0.2353E+00  0.1042E+01  0.3940E-01  0.1074E+01  0.1074E+01
  0.2365E+00  0.1055E+01  0.3727E-01  0.1076E+01  0.1076E+01
  0.2377E+00  0.1116E+01  0.3821E-01  0.1078E+01  0.1078E+01
  0.2390E+00  0.1133E+01  0.3933E-01  0.1082E+01  0.1082E+01
  0.2402E+00  0.1076E+01  0.3981E-01  0.1087E+01  0.1087E+01
  0.2414E+00  0.1072E+01  0.3756E-01  0.1093E+01  0.1093E+01
  0.2426E+00  0.1047E+01  0.3781E-01  0.1100E+01  0.1100E+01
  0.2438E+00  0.1089E+01  0.4031E-01  0.1108E+01  0.1108E+01
  0.2450E+00  0.1126E+01  0.3683E-01  0.1117E+01  0.1117E+01
  0.2463E+00  0.1150E+01  0.3802E-01  0.1128E+01  0.1128E+01
  0.2475E+00  0.1214E+01  0.3794E-01  0.1140E+01  0.1140E+01
  0.2487E+00  0.1238E+01  0.3875E-01  0.1153E+01  0.1153E+01
  0.2499E+00  0.1201E+01  0.3884E-01  0.1167E+01  0.1167E+01
  0.2511E+00  0.1156E+01  0.4099E-01  0.1181E+01  0.1181E+01
  0.2523E+00  0.1126E+01  0.4053E-01  0.1197E+01  0.1197E+01
  0.2536E+00  0.1221E+01  0.3775E-01  0.1214E+01  0.1214E+01
  0.2548E+00  0.1171E+01  0.3842E-01  0.1231E+01  0.1231E+01
  0.2560E+00  0.1231E+01  0.3835E-01  0.1250E+01  0.1250E+01
  0.2572E+00  0.1304E+01  0.3876E-01  0.1268E+01  0.1268E+01
  0.2584E+00  0.1315E+01  0.3826E-01  0.1288E+01  0.1288E+01
  0.2596E+00  0.1367E+01  0.3695E-01  0.1307E+01  0.1307E+01
  0.2608E+00  0.1367E+01  0.3950E-01  0.1327E+01  0.1327E+01
  0.2621E+00  0.1372E+01  0.3703E-01  0.1347E+01  0.1347E+01
  0.2633E+00  0.1286E+01  0.3794E-01  0.1367E+01  0.1367E+01
  0.2645E+00  0.1362E+01  0.3629E-01  0.1387E+01  0.1387E+01
  0.2657E+00  0.1414E+01  0.3545E-01  0.1407E+01  0.1407E+01
  0.2669E+00  0.1391E+01  0.3865E-01  0.1427E+01  0.1427E+01
  0.2681E+00  0.1475E+01  0.3633E-01  0.1446E+01  0.1446E+01
  0.2694E+00  0.1455E+01  0.3772E-01  0.1464E+01  0.1464E+01
  0.2706E+00  0.1466E+01  0.3578E-01  0.1482E+01  0.1482E+01
  0.2718E+00  0.1490E+01  0.3599E-01  0.1499E+01  0.1499E+01
  0.2730E+00  0.1504E+01  0.3659E-01  0.1515E+01  0.1515E+01
  0.2742E+00  0.1493E+01  0.3845E-01  0.1531E+01  0.1531E+01
  0.2754E+00  0.1479E+01  0.3711E-01  0.1545E+01  0.1545E+01
  0.2767E+00  0.1539E+01  0.3712E-01  0.1558E+01  0.1558E+01
  0.2779E+00  0.1578E+01  0.3467E-01  0.1570E+01  0.1570E+01
  0.2791E+00  0.1632E+01  0.3524E-01  0.1581E+01  0.1581E+01
  0.2803E+00  0.1658E+01  0.3566E-01  0.1590E+01  0.1590E+01
  0.2815E+00  0.1633E+01  0.3427E-01  0.1598E+01  0.1598E+01
  0.2827E+00  0.1631E+01  0.3465E-01  0.1605E+01  0.1605E+01
  0.2839E+00  0.1661E+01  0.3543E-01  0.1610E+01  0.1610E+01
  0.2852E+00  0.1675E+01  0.3413E-01  0.1614E+01  0.1614E+01
  0.2864E+00  0.1561E+01  0.3444E-01  0.1617E+01  0.1617E+01
  0.2876E+00  0.1590E+01  0.3406E-01  0.1617E+01  0.1617E+01
  0.2888E+00  0.1623E+01  0.3266E-01  0.1617E+01  0.1617E+01
  0.2900E+00  0.1638E+01  0.3424E-01  0.1615E+01  0.1615E+01
  0.2912E+00  0.1605E+01  0.3336E-01  0.1611E+01  0.1611E+01
  0.2925E+00  0.1554E+01  0.3301E-01  0.1606E+01  0.1606E+01
  0.2937E+00  0.1604E+01  0.3360E-01  0.1600E+01  0.1600E+01
  0.2949E+00  0.1549E+01  0.3290E-01  0.1592E+01  0.1592E+01
  0.2961E+00  0.1556E+01  0.3245E-01  0.1582E+01  0.1582E+01
  0.2973E+00  0.1547E+01  0.3187E-01  0.1572E+01  0.1572E+01
  0.2985E+00  0.1489E+01  0.3276E-01  0.1560E+01  0.1560E+01
  0.2998E+00  0.1557E+01  0.3197E-01  0.1547E+01  0.1547E+01
  0.3010E+00  0.1582E+01  0.3103E-01  0.1532E+01  0.1532E+01
  0.3022E+00  0.1504E+01  0.3122E-01  0.1517E+01  0.1517E+01
  0.3034E+00  0.1452E+01  0.3135E-01  0.1500E+01  0.1500E+01
  0.3046E+00  0.1471E+01  0.3079E-01  0.1483E+01  0.1483E+01
  0.3058E+00  0.1530E+01  0.3092E-01  0.1464E+01  0.1464E+01
  0.3070E+00  0.1495E+01  0.3084E-01  0.1445E+01  0.1445E+01
  0.3083E+00  0.1425E+01  0.3039E-01  0.1425E+01  0.1425E+01
  0.3095E+00  0.1441E+01  0.3150E-01  0.1405E+01  0.1405E+01
  0.3107E+00  0.1436E+01  0.3247E-01  0.1383E+01  0.1383E+01
  0.3119E+00  0.1362E+01  0.3433E-01  0.1362E+01  0.1362E+01
  0.3131E+00  0.1359E+01  0.3720E-01  0.1340E+01  0.1340E+01
  0.3143E+00  0.1284E+01  0.3768E-01  0.1317E+01  0.1317E+01
  0.3156E+00  0.1272E+01  0.3975E-01  0.1294E+01  0.1294E+01
  0.3168E+00  0.1252E+01  0.4254E-01  0.1271E+01  0.1271E+01
  0.3180E+00  0.1218E+01  0.4634E-01  0.1248E+01  0.1248E+01
  0.3192E+00  0.1124E+01  0.5093E-01  0.1225E+01  0.1225E+01
  0.3204E+00  0.1179E+01  0.5350E-01  0.1202E+01  0.1202E+01
  0.3216E+00  0.1278E+01  0.6675E-01  0.1179E+01  0.1179E+01
  0.3225E+00  0.8188E+00  0.2518E+00  0.1162E+01  0.1162E+01

           Distance distribution  function of particle  


       R          P(R)      ERROR

  0.0000E+00  0.0000E+00  0.0000E+00
  0.1080E+01  0.9782E-02  0.6607E-03
  0.2160E+01  0.2178E-01  0.9541E-03
  0.3240E+01  0.3596E-01  0.9264E-03
  0.4320E+01  0.5229E-01  0.6495E-03
  0.5400E+01  0.7071E-01  0.2157E-03
  0.6480E+01  0.9115E-01  0.3026E-03
  0.7560E+01  0.1136E+00  0.7773E-03
  0.8640E+01  0.1379E+00  0.1149E-02
  0.9720E+01  0.1641E+00  0.1359E-02
  0.1080E+02  0.1921E+00  0.1375E-02
  0.1188E+02  0.2219E+00  0.1196E-02
  0.1296E+02  0.2533E+00  0.8509E-03
  0.1404E+02  0.2862E+00  0.3962E-03
  0.1512E+02  0.3204E+00  0.2109E-03
  0.1620E+02  0.3555E+00  0.6784E-03
  0.1728E+02  0.3913E+00  0.1095E-02
  0.1836E+02  0.4272E+00  0.1373E-02
  0.1944E+02  0.4627E+00  0.1474E-02
  0.2052E+02  0.4972E+00  0.1383E-02
  0.2160E+02  0.5301E+00  0.1114E-02
  0.2268E+02  0.5608E+00  0.7117E-03
  0.2376E+02  0.5888E+00  0.2996E-03
  0.2484E+02  0.6134E+00  0.4611E-03
  0.2592E+02  0.6344E+00  0.9080E-03
  0.2700E+02  0.6515E+00  0.1275E-02
  0.2808E+02  0.6647E+00  0.1491E-02
  0.2916E+02  0.6742E+00  0.1522E-02
  0.3024E+02  0.6802E+00  0.1367E-02
  0.3132E+02  0.6832E+00  0.1050E-02
  0.3240E+02  0.6837E+00  0.6413E-03
  0.3348E+02  0.6824E+00  0.3841E-03
  0.3456E+02  0.6799E+00  0.6714E-03
  0.3564E+02  0.6768E+00  0.1084E-02
  0.3672E+02  0.6736E+00  0.1401E-02
  0.3780E+02  0.6706E+00  0.1556E-02
  0.3888E+02  0.6679E+00  0.1524E-02
  0.3996E+02  0.6658E+00  0.1312E-02
  0.4104E+02  0.6639E+00  0.9614E-03
  0.4212E+02  0.6621E+00  0.5869E-03
  0.4320E+02  0.6600E+00  0.5363E-03
  0.4428E+02  0.6570E+00  0.8934E-03
  0.4536E+02  0.6528E+00  0.1278E-02
  0.4644E+02  0.6470E+00  0.1543E-02
  0.4752E+02  0.6391E+00  0.1634E-02
  0.4860E+02  0.6291E+00  0.1534E-02
  0.4968E+02  0.6169E+00  0.1262E-02
  0.5076E+02  0.6025E+00  0.8816E-03
  0.5184E+02  0.5862E+00  0.5736E-03
  0.5292E+02  0.5682E+00  0.6988E-03
  0.5400E+02  0.5491E+00  0.1090E-02
  0.5508E+02  0.5291E+00  0.1445E-02
  0.5616E+02  0.5087E+00  0.1654E-02
  0.5724E+02  0.4882E+00  0.1677E-02
  0.5832E+02  0.4679E+00  0.1511E-02
  0.5940E+02  0.4479E+00  0.1199E-02
  0.6048E+02  0.4283E+00  0.8595E-03
  0.6156E+02  0.4089E+00  0.7632E-03
  0.6264E+02  0.3895E+00  0.1047E-02
  0.6372E+02  0.3699E+00  0.1434E-02
  0.6480E+02  0.3500E+00  0.1731E-02
  0.6588E+02  0.3293E+00  0.1855E-02
  0.6696E+02  0.3078E+00  0.1778E-02
  0.6804E+02  0.2854E+00  0.1512E-02
  0.6912E+02  0.2622E+00  0.1127E-02
  0.7020E+02  0.2383E+00  0.8061E-03
  0.7128E+02  0.2140E+00  0.8800E-03
  0.7236E+02  0.1897E+00  0.1270E-02
  0.7344E+02  0.1658E+00  0.1661E-02
  0.7452E+02  0.1427E+00  0.1907E-02
  0.7560E+02  0.1210E+00  0.1951E-02
  0.7668E+02  0.1011E+00  0.1787E-02
  0.7776E+02  0.8313E-01  0.1466E-02
  0.7884E+02  0.6748E-01  0.1120E-02
  0.7992E+02  0.5418E-01  0.1012E-02
  0.8100E+02  0.4321E-01  0.1265E-02
  0.8208E+02  0.3443E-01  0.1632E-02
  0.8316E+02  0.2763E-01  0.1901E-02
  0.8424E+02  0.2254E-01  0.1975E-02
  0.8532E+02  0.1883E-01  0.1835E-02
  0.8640E+02  0.1620E-01  0.1543E-02
  0.8748E+02  0.1435E-01  0.1278E-02
  0.8856E+02  0.1304E-01  0.1322E-02
  0.8964E+02  0.1204E-01  0.1691E-02
  0.9072E+02  0.1121E-01  0.2111E-02
  0.9180E+02  0.1045E-01  0.2375E-02
  0.9288E+02  0.9696E-02  0.2375E-02
  0.9396E+02  0.8924E-02  0.2093E-02
  0.9504E+02  0.8138E-02  0.1622E-02
  0.9612E+02  0.7361E-02  0.1277E-02
  0.9720E+02  0.6634E-02  0.1505E-02
  0.9828E+02  0.6010E-02  0.2081E-02
  0.9936E+02  0.5549E-02  0.2538E-02
  0.1004E+03  0.5313E-02  0.2625E-02
  0.1015E+03  0.5344E-02  0.2256E-02
  0.1026E+03  0.5636E-02  0.1613E-02
  0.1037E+03  0.6090E-02  0.1553E-02
  0.1048E+03  0.6446E-02  0.2459E-02
  0.1058E+03  0.6196E-02  0.3184E-02
  0.1069E+03  0.4488E-02  0.2710E-02
  0.1080E+03  0.0000E+00  0.0000E+00
          Reciprocal space: Rg =   31.53     , I(0) =   0.4233E+03
     Real space: Rg =   31.52 +- 0.027  I(0) =   0.4233E+03 +-  0.2223E+00
