
           ####    G N O M   ---   Version 4.6                       ####

                                                  Fri Jan  6 11:48:20 2012
           ===    Run No   1   ===
 Run title:  0.010641 84.777321 4.310276



          To optimize the performance, some input data points 
           have been joined. New number of points equals to 257

   *******    Input file(s) : fAT_3_23.dat
           Condition P(rmin) = 0 is used. 

          Highest ALPHA is found to be   0.5130E+03

  The measure of inconsistency AN1 equals to    0.1017E+01

          Warning: using the chosen range in the real space 
             it is not possible to fit the data set within the
             given error band. 
     Alpha    Discrp  Oscill  Stabil  Sysdev  Positv  Valcen    Total   
  0.5130E+06168.6709  0.6015  0.6631  0.0000  1.0000  0.7683  0.21711
  0.1026E+06 85.1850  0.6341  0.2635  0.0156  1.0000  0.7821  0.23392
  0.2052E+05 37.3310  0.7329  0.1081  0.0938  1.0000  0.8244  0.39418
  0.4104E+04 14.5162  0.8871  0.0948  0.0703  1.0000  0.8799  0.49700
  0.8208E+03  4.6944  0.9854  0.0448  0.1250  1.0000  0.9067  0.61498
  0.1642E+03  1.6681  1.0289  0.0185  0.4063  1.0000  0.9137  0.65002
  0.3283E+02  1.0099  1.0478  0.0070  0.7422  1.0000  0.9156  0.68851
  0.6566E+01  0.9282  1.0572  0.0071  0.7109  1.0000  0.9174  0.70609
  0.1313E+01  0.9105  1.0684  0.0124  0.6953  1.0000  0.9198  0.70955
  0.2627E+00  0.8914  1.1388  0.0362  0.6953  1.0000  0.9248  0.69619
  0.5253E-01  0.8671  1.4546  0.0435  0.7578  0.9998  0.9313  0.62557
  0.1051E-01  0.8558  1.9783  0.0994  0.7891  0.9987  0.9278  0.39397
  0.2101E-02  0.8386  4.1853  0.3400  0.7891  0.9916  0.8807  0.22143
  0.4202E-03  0.8091  7.3960  0.3691  0.8359  0.9484  0.6022  0.18088
  0.8405E-04  0.7962  8.2924  0.1320  0.7578  0.9049  0.5467  0.19849
  0.1681E-04  0.7948  8.4574  0.0396  0.7422  0.8918  0.5331  0.33903
  0.3362E-05  0.7947  8.5675  0.1238  0.7422  0.8910  0.5357  0.20061
  0.6724E-06  0.7946  9.5058  0.5233  0.7578  0.8779  0.5551  0.10929
  0.1345E-06  0.7942 11.0317  0.9413  0.7422  0.7793  0.4966  0.08081
  0.2690E-07  0.7924 11.0578  0.8906  0.7578  0.7213  0.4344  0.08042
  0.5379E-08  0.7874 11.2600  0.6658  0.7734  0.7060  0.4328  0.08384
  0.1076E-08  0.7793 12.9633  0.6311  0.7891  0.7071  0.4598  0.08930
  0.2152E-09  0.7575 16.7436  0.7581  0.8047  0.7063  0.4829  0.00000

          ***  Golden section search to maximize estimate ***
     Alpha    Discrp  Oscill  Stabil  Sysdev  Positv  Valcen    Total   
  0.2428E+01  0.9155  1.0631  0.0085  0.7109  1.0000  0.9188  0.70953
  0.1038E+01  0.9085  1.0716  0.0148  0.6953  1.0000  0.9203  0.70921
  0.1661E+01  0.9124  1.0660  0.0105  0.6953  1.0000  0.9194  0.70959
  0.1920E+01  0.9135  1.0648  0.0096  0.7109  1.0000  0.9191  0.70985
  0.2100E+01  0.9142  1.0641  0.0091  0.7109  1.0000  0.9190  0.70975
  0.1817E+01  0.9131  1.0652  0.0099  0.6953  1.0000  0.9192  0.70954
  0.1987E+01  0.9138  1.0645  0.0094  0.7109  1.0000  0.9191  0.70982
  0.1880E+01  0.9133  1.0650  0.0097  0.6953  1.0000  0.9192  0.70951
  0.1946E+01  0.9136  1.0647  0.0095  0.7109  1.0000  0.9191  0.70984
  0.1905E+01  0.9135  1.0649  0.0096  0.7109  1.0000  0.9191  0.70986
  0.1895E+01  0.9134  1.0649  0.0097  0.7109  1.0000  0.9192  0.70986
  0.1889E+01  0.9134  1.0649  0.0097  0.6953  1.0000  0.9192  0.70951
  0.1899E+01  0.9134  1.0649  0.0097  0.7109  1.0000  0.9191  0.70986
  0.1893E+01  0.9134  1.0649  0.0097  0.7109  1.0000  0.9192  0.70986
  0.1892E+01  0.9134  1.0649  0.0097  0.6953  1.0000  0.9192  0.70950
  0.1894E+01  0.9134  1.0649  0.0097  0.7109  1.0000  0.9192  0.70986
  0.1893E+01  0.9134  1.0649  0.0097  0.7109  1.0000  0.9192  0.70986



             ####            Final results            ####

 Parameter    DISCRP    OSCILL    STABIL    SYSDEV    POSITV    VALCEN
 Weight        1.000     3.000     3.000     3.000     1.000     1.000
 Sigma         0.300     0.600     0.120     0.120     0.120     0.120
 Ideal         0.700     1.100     0.000     1.000     1.000     0.950
 Current       0.913     1.065     0.010     0.711     1.000     0.919
                - - - - - - - - - - - - - - - - - - - - - - - - - 
 Estimate      0.603     0.997     0.994     0.003     1.000     0.936

  Angular   range    :     from    0.0116   to    0.3225
  Real space range   :     from      0.00   to     56.00

  Highest ALPHA (theor) :   0.513E+06                 JOB = 0
  Current ALPHA         :   0.189E+01   Rg :  0.199E+02   I(0) :   0.846E+02

           Total  estimate : 0.710  which is  A REASONABLE  solution

      S          J EXP       ERROR       J REG       I REG

  0.0000E+00                                      0.8465E+02
  0.1284E-02                                      0.8463E+02
  0.2568E-02                                      0.8457E+02
  0.3851E-02                                      0.8448E+02
  0.5135E-02                                      0.8435E+02
  0.6419E-02                                      0.8419E+02
  0.7703E-02                                      0.8399E+02
  0.8986E-02                                      0.8375E+02
  0.1027E-01                                      0.8348E+02
  0.1155E-01  0.8590E+02  0.8122E+00  0.8317E+02  0.8317E+02
  0.1277E-01  0.8347E+02  0.7616E+00  0.8285E+02  0.8285E+02
  0.1399E-01  0.8225E+02  0.8784E+00  0.8250E+02  0.8250E+02
  0.1520E-01  0.8068E+02  0.7226E+00  0.8211E+02  0.8211E+02
  0.1642E-01  0.8121E+02  0.5412E+00  0.8170E+02  0.8170E+02
  0.1763E-01  0.8089E+02  0.3915E+00  0.8126E+02  0.8126E+02
  0.1885E-01  0.8001E+02  0.4610E+00  0.8078E+02  0.8078E+02
  0.2007E-01  0.7967E+02  0.3291E+00  0.8028E+02  0.8028E+02
  0.2128E-01  0.7952E+02  0.3037E+00  0.7975E+02  0.7975E+02
  0.2250E-01  0.7868E+02  0.2965E+00  0.7920E+02  0.7920E+02
  0.2371E-01  0.7842E+02  0.2524E+00  0.7862E+02  0.7862E+02
  0.2493E-01  0.7779E+02  0.2284E+00  0.7801E+02  0.7801E+02
  0.2615E-01  0.7711E+02  0.2135E+00  0.7737E+02  0.7737E+02
  0.2736E-01  0.7704E+02  0.2090E+00  0.7671E+02  0.7671E+02
  0.2858E-01  0.7605E+02  0.2019E+00  0.7603E+02  0.7603E+02
  0.2980E-01  0.7528E+02  0.2063E+00  0.7533E+02  0.7533E+02
  0.3101E-01  0.7503E+02  0.2052E+00  0.7460E+02  0.7460E+02
  0.3223E-01  0.7443E+02  0.1671E+00  0.7385E+02  0.7385E+02
  0.3344E-01  0.7295E+02  0.1875E+00  0.7308E+02  0.7308E+02
  0.3466E-01  0.7254E+02  0.1652E+00  0.7229E+02  0.7229E+02
  0.3588E-01  0.7159E+02  0.1644E+00  0.7148E+02  0.7148E+02
  0.3709E-01  0.7017E+02  0.1566E+00  0.7065E+02  0.7065E+02
  0.3831E-01  0.6940E+02  0.1574E+00  0.6981E+02  0.6981E+02
  0.3953E-01  0.6862E+02  0.1510E+00  0.6895E+02  0.6895E+02
  0.4074E-01  0.6741E+02  0.1596E+00  0.6807E+02  0.6807E+02
  0.4196E-01  0.6721E+02  0.1554E+00  0.6718E+02  0.6718E+02
  0.4317E-01  0.6596E+02  0.1473E+00  0.6627E+02  0.6627E+02
  0.4439E-01  0.6512E+02  0.1288E+00  0.6535E+02  0.6535E+02
  0.4561E-01  0.6419E+02  0.1358E+00  0.6442E+02  0.6442E+02
  0.4682E-01  0.6329E+02  0.1363E+00  0.6348E+02  0.6348E+02
  0.4804E-01  0.6246E+02  0.1286E+00  0.6253E+02  0.6253E+02
  0.4925E-01  0.6160E+02  0.1354E+00  0.6157E+02  0.6157E+02
  0.5047E-01  0.6088E+02  0.1208E+00  0.6060E+02  0.6060E+02
  0.5169E-01  0.5999E+02  0.1276E+00  0.5963E+02  0.5963E+02
  0.5290E-01  0.5878E+02  0.1201E+00  0.5865E+02  0.5865E+02
  0.5412E-01  0.5776E+02  0.1154E+00  0.5766E+02  0.5766E+02
  0.5534E-01  0.5657E+02  0.1157E+00  0.5667E+02  0.5667E+02
  0.5655E-01  0.5566E+02  0.1124E+00  0.5567E+02  0.5567E+02
  0.5777E-01  0.5483E+02  0.1177E+00  0.5467E+02  0.5467E+02
  0.5898E-01  0.5395E+02  0.1170E+00  0.5367E+02  0.5367E+02
  0.6020E-01  0.5305E+02  0.1181E+00  0.5267E+02  0.5267E+02
  0.6142E-01  0.5184E+02  0.9774E-01  0.5167E+02  0.5167E+02
  0.6263E-01  0.5089E+02  0.1026E+00  0.5067E+02  0.5067E+02
  0.6385E-01  0.4995E+02  0.1113E+00  0.4967E+02  0.4967E+02
  0.6506E-01  0.4862E+02  0.1084E+00  0.4868E+02  0.4868E+02
  0.6628E-01  0.4761E+02  0.1015E+00  0.4768E+02  0.4768E+02
  0.6750E-01  0.4679E+02  0.1188E+00  0.4670E+02  0.4670E+02
  0.6871E-01  0.4555E+02  0.1092E+00  0.4571E+02  0.4571E+02
  0.6993E-01  0.4495E+02  0.1093E+00  0.4473E+02  0.4473E+02
  0.7114E-01  0.4394E+02  0.1050E+00  0.4376E+02  0.4376E+02
  0.7236E-01  0.4288E+02  0.9171E-01  0.4279E+02  0.4279E+02
  0.7358E-01  0.4180E+02  0.9371E-01  0.4184E+02  0.4184E+02
  0.7479E-01  0.4085E+02  0.9309E-01  0.4088E+02  0.4088E+02
  0.7601E-01  0.3996E+02  0.9513E-01  0.3994E+02  0.3994E+02
  0.7723E-01  0.3917E+02  0.9227E-01  0.3901E+02  0.3901E+02
  0.7844E-01  0.3817E+02  0.9136E-01  0.3809E+02  0.3809E+02
  0.7966E-01  0.3716E+02  0.8811E-01  0.3718E+02  0.3718E+02
  0.8087E-01  0.3635E+02  0.8180E-01  0.3628E+02  0.3628E+02
  0.8209E-01  0.3530E+02  0.8697E-01  0.3539E+02  0.3539E+02
  0.8331E-01  0.3447E+02  0.8388E-01  0.3451E+02  0.3451E+02
  0.8452E-01  0.3361E+02  0.8421E-01  0.3365E+02  0.3365E+02
  0.8574E-01  0.3292E+02  0.8652E-01  0.3279E+02  0.3279E+02
  0.8696E-01  0.3196E+02  0.8585E-01  0.3196E+02  0.3196E+02
  0.8817E-01  0.3102E+02  0.7996E-01  0.3113E+02  0.3113E+02
  0.8939E-01  0.3021E+02  0.8215E-01  0.3032E+02  0.3032E+02
  0.9060E-01  0.2968E+02  0.8210E-01  0.2952E+02  0.2952E+02
  0.9182E-01  0.2887E+02  0.8903E-01  0.2874E+02  0.2874E+02
  0.9304E-01  0.2786E+02  0.8639E-01  0.2798E+02  0.2798E+02
  0.9425E-01  0.2713E+02  0.8197E-01  0.2722E+02  0.2722E+02
  0.9547E-01  0.2641E+02  0.8351E-01  0.2649E+02  0.2649E+02
  0.9668E-01  0.2573E+02  0.7971E-01  0.2577E+02  0.2577E+02
  0.9790E-01  0.2503E+02  0.7349E-01  0.2506E+02  0.2506E+02
  0.9912E-01  0.2433E+02  0.7469E-01  0.2437E+02  0.2437E+02
  0.1003E+00  0.2371E+02  0.8083E-01  0.2370E+02  0.2370E+02
  0.1015E+00  0.2295E+02  0.7127E-01  0.2304E+02  0.2304E+02
  0.1028E+00  0.2234E+02  0.7440E-01  0.2239E+02  0.2239E+02
  0.1040E+00  0.2169E+02  0.7498E-01  0.2177E+02  0.2177E+02
  0.1052E+00  0.2127E+02  0.6736E-01  0.2116E+02  0.2116E+02
  0.1064E+00  0.2064E+02  0.7267E-01  0.2056E+02  0.2056E+02
  0.1076E+00  0.1998E+02  0.6969E-01  0.1999E+02  0.1999E+02
  0.1088E+00  0.1940E+02  0.7407E-01  0.1942E+02  0.1942E+02
  0.1101E+00  0.1882E+02  0.7043E-01  0.1888E+02  0.1888E+02
  0.1113E+00  0.1826E+02  0.6480E-01  0.1835E+02  0.1835E+02
  0.1125E+00  0.1782E+02  0.6426E-01  0.1783E+02  0.1783E+02
  0.1137E+00  0.1740E+02  0.6519E-01  0.1733E+02  0.1733E+02
  0.1149E+00  0.1688E+02  0.6895E-01  0.1684E+02  0.1684E+02
  0.1161E+00  0.1632E+02  0.6611E-01  0.1637E+02  0.1637E+02
  0.1174E+00  0.1590E+02  0.6414E-01  0.1592E+02  0.1592E+02
  0.1186E+00  0.1541E+02  0.6527E-01  0.1548E+02  0.1548E+02
  0.1198E+00  0.1492E+02  0.6323E-01  0.1505E+02  0.1505E+02
  0.1210E+00  0.1453E+02  0.6232E-01  0.1464E+02  0.1464E+02
  0.1222E+00  0.1423E+02  0.5952E-01  0.1425E+02  0.1425E+02
  0.1234E+00  0.1374E+02  0.5793E-01  0.1386E+02  0.1386E+02
  0.1247E+00  0.1343E+02  0.6081E-01  0.1349E+02  0.1349E+02
  0.1259E+00  0.1309E+02  0.6129E-01  0.1313E+02  0.1313E+02
  0.1271E+00  0.1281E+02  0.6141E-01  0.1279E+02  0.1279E+02
  0.1283E+00  0.1245E+02  0.6162E-01  0.1246E+02  0.1246E+02
  0.1295E+00  0.1214E+02  0.6486E-01  0.1214E+02  0.1214E+02
  0.1307E+00  0.1188E+02  0.6303E-01  0.1183E+02  0.1183E+02
  0.1320E+00  0.1172E+02  0.6523E-01  0.1154E+02  0.1154E+02
  0.1332E+00  0.1126E+02  0.5940E-01  0.1125E+02  0.1125E+02
  0.1344E+00  0.1099E+02  0.5710E-01  0.1098E+02  0.1098E+02
  0.1356E+00  0.1074E+02  0.5603E-01  0.1072E+02  0.1072E+02
  0.1368E+00  0.1047E+02  0.5893E-01  0.1047E+02  0.1047E+02
  0.1380E+00  0.1012E+02  0.5927E-01  0.1023E+02  0.1023E+02
  0.1392E+00  0.9863E+01  0.6121E-01  0.9995E+01  0.9995E+01
  0.1405E+00  0.9787E+01  0.5600E-01  0.9772E+01  0.9772E+01
  0.1417E+00  0.9553E+01  0.6093E-01  0.9559E+01  0.9559E+01
  0.1429E+00  0.9383E+01  0.5768E-01  0.9354E+01  0.9354E+01
  0.1441E+00  0.9034E+01  0.5729E-01  0.9158E+01  0.9158E+01
  0.1453E+00  0.9083E+01  0.5783E-01  0.8970E+01  0.8970E+01
  0.1465E+00  0.8844E+01  0.5598E-01  0.8789E+01  0.8789E+01
  0.1478E+00  0.8744E+01  0.5353E-01  0.8616E+01  0.8616E+01
  0.1490E+00  0.8428E+01  0.5664E-01  0.8450E+01  0.8450E+01
  0.1502E+00  0.8218E+01  0.5375E-01  0.8291E+01  0.8291E+01
  0.1514E+00  0.8116E+01  0.5351E-01  0.8138E+01  0.8138E+01
  0.1526E+00  0.8050E+01  0.5375E-01  0.7992E+01  0.7992E+01
  0.1538E+00  0.7972E+01  0.5414E-01  0.7851E+01  0.7851E+01
  0.1551E+00  0.7743E+01  0.5543E-01  0.7715E+01  0.7715E+01
  0.1563E+00  0.7663E+01  0.4966E-01  0.7585E+01  0.7585E+01
  0.1575E+00  0.7521E+01  0.5161E-01  0.7460E+01  0.7460E+01
  0.1587E+00  0.7441E+01  0.4905E-01  0.7340E+01  0.7340E+01
  0.1599E+00  0.7229E+01  0.5235E-01  0.7224E+01  0.7224E+01
  0.1611E+00  0.7124E+01  0.4993E-01  0.7112E+01  0.7112E+01
  0.1624E+00  0.7034E+01  0.4686E-01  0.7004E+01  0.7004E+01
  0.1636E+00  0.6995E+01  0.4707E-01  0.6900E+01  0.6900E+01
  0.1648E+00  0.6780E+01  0.4891E-01  0.6800E+01  0.6800E+01
  0.1660E+00  0.6706E+01  0.5032E-01  0.6702E+01  0.6702E+01
  0.1672E+00  0.6666E+01  0.4807E-01  0.6607E+01  0.6607E+01
  0.1684E+00  0.6460E+01  0.5081E-01  0.6516E+01  0.6516E+01
  0.1696E+00  0.6360E+01  0.5025E-01  0.6427E+01  0.6427E+01
  0.1709E+00  0.6362E+01  0.4695E-01  0.6340E+01  0.6340E+01
  0.1721E+00  0.6270E+01  0.4999E-01  0.6255E+01  0.6255E+01
  0.1733E+00  0.6165E+01  0.4837E-01  0.6173E+01  0.6173E+01
  0.1745E+00  0.6071E+01  0.4672E-01  0.6092E+01  0.6092E+01
  0.1757E+00  0.6030E+01  0.4906E-01  0.6013E+01  0.6013E+01
  0.1769E+00  0.5889E+01  0.4853E-01  0.5936E+01  0.5936E+01
  0.1782E+00  0.5795E+01  0.4959E-01  0.5860E+01  0.5860E+01
  0.1794E+00  0.5792E+01  0.4923E-01  0.5785E+01  0.5785E+01
  0.1806E+00  0.5838E+01  0.4695E-01  0.5712E+01  0.5712E+01
  0.1818E+00  0.5683E+01  0.4873E-01  0.5639E+01  0.5639E+01
  0.1830E+00  0.5558E+01  0.4736E-01  0.5568E+01  0.5568E+01
  0.1842E+00  0.5555E+01  0.5194E-01  0.5497E+01  0.5497E+01
  0.1855E+00  0.5375E+01  0.5377E-01  0.5428E+01  0.5428E+01
  0.1867E+00  0.5297E+01  0.4701E-01  0.5359E+01  0.5359E+01
  0.1879E+00  0.5264E+01  0.4711E-01  0.5290E+01  0.5290E+01
  0.1891E+00  0.5228E+01  0.4786E-01  0.5223E+01  0.5223E+01
  0.1903E+00  0.5299E+01  0.4702E-01  0.5155E+01  0.5155E+01
  0.1915E+00  0.5059E+01  0.4721E-01  0.5088E+01  0.5088E+01
  0.1928E+00  0.4989E+01  0.4830E-01  0.5022E+01  0.5022E+01
  0.1940E+00  0.4929E+01  0.4755E-01  0.4956E+01  0.4956E+01
  0.1952E+00  0.4778E+01  0.4758E-01  0.4890E+01  0.4890E+01
  0.1964E+00  0.4788E+01  0.4735E-01  0.4825E+01  0.4825E+01
  0.1976E+00  0.4747E+01  0.4343E-01  0.4760E+01  0.4760E+01
  0.1988E+00  0.4680E+01  0.4484E-01  0.4695E+01  0.4695E+01
  0.2001E+00  0.4589E+01  0.4482E-01  0.4631E+01  0.4631E+01
  0.2013E+00  0.4544E+01  0.4478E-01  0.4567E+01  0.4567E+01
  0.2025E+00  0.4602E+01  0.4412E-01  0.4503E+01  0.4503E+01
  0.2037E+00  0.4382E+01  0.4304E-01  0.4439E+01  0.4439E+01
  0.2049E+00  0.4292E+01  0.4358E-01  0.4376E+01  0.4376E+01
  0.2061E+00  0.4227E+01  0.4237E-01  0.4313E+01  0.4313E+01
  0.2073E+00  0.4146E+01  0.4586E-01  0.4250E+01  0.4250E+01
  0.2086E+00  0.4107E+01  0.4325E-01  0.4188E+01  0.4188E+01
  0.2098E+00  0.4128E+01  0.4272E-01  0.4126E+01  0.4126E+01
  0.2110E+00  0.4048E+01  0.4574E-01  0.4064E+01  0.4064E+01
  0.2122E+00  0.4052E+01  0.4338E-01  0.4003E+01  0.4003E+01
  0.2134E+00  0.3992E+01  0.4352E-01  0.3942E+01  0.3942E+01
  0.2146E+00  0.4016E+01  0.4209E-01  0.3882E+01  0.3882E+01
  0.2159E+00  0.3838E+01  0.4202E-01  0.3822E+01  0.3822E+01
  0.2171E+00  0.3759E+01  0.4253E-01  0.3762E+01  0.3762E+01
  0.2183E+00  0.3687E+01  0.4165E-01  0.3703E+01  0.3703E+01
  0.2195E+00  0.3634E+01  0.4005E-01  0.3645E+01  0.3645E+01
  0.2207E+00  0.3572E+01  0.4082E-01  0.3587E+01  0.3587E+01
  0.2219E+00  0.3546E+01  0.4040E-01  0.3530E+01  0.3530E+01
  0.2232E+00  0.3397E+01  0.4352E-01  0.3473E+01  0.3473E+01
  0.2244E+00  0.3385E+01  0.4250E-01  0.3418E+01  0.3418E+01
  0.2256E+00  0.3346E+01  0.4085E-01  0.3362E+01  0.3362E+01
  0.2268E+00  0.3317E+01  0.4114E-01  0.3308E+01  0.3308E+01
  0.2280E+00  0.3271E+01  0.4164E-01  0.3254E+01  0.3254E+01
  0.2292E+00  0.3185E+01  0.4002E-01  0.3201E+01  0.3201E+01
  0.2304E+00  0.3101E+01  0.4013E-01  0.3149E+01  0.3149E+01
  0.2317E+00  0.3028E+01  0.3879E-01  0.3098E+01  0.3098E+01
  0.2329E+00  0.3019E+01  0.3857E-01  0.3048E+01  0.3048E+01
  0.2341E+00  0.3010E+01  0.3947E-01  0.2998E+01  0.2998E+01
  0.2353E+00  0.3060E+01  0.4060E-01  0.2950E+01  0.2950E+01
  0.2365E+00  0.2926E+01  0.3878E-01  0.2902E+01  0.2902E+01
  0.2377E+00  0.2778E+01  0.3858E-01  0.2856E+01  0.2856E+01
  0.2390E+00  0.2735E+01  0.4041E-01  0.2810E+01  0.2810E+01
  0.2402E+00  0.2750E+01  0.4194E-01  0.2766E+01  0.2766E+01
  0.2414E+00  0.2788E+01  0.4016E-01  0.2722E+01  0.2722E+01
  0.2426E+00  0.2849E+01  0.3850E-01  0.2680E+01  0.2680E+01
  0.2438E+00  0.2712E+01  0.3905E-01  0.2638E+01  0.2638E+01
  0.2450E+00  0.2589E+01  0.3699E-01  0.2597E+01  0.2597E+01
  0.2463E+00  0.2569E+01  0.3808E-01  0.2558E+01  0.2558E+01
  0.2475E+00  0.2580E+01  0.3886E-01  0.2520E+01  0.2520E+01
  0.2487E+00  0.2491E+01  0.3850E-01  0.2482E+01  0.2482E+01
  0.2499E+00  0.2521E+01  0.3805E-01  0.2446E+01  0.2446E+01
  0.2511E+00  0.2422E+01  0.4094E-01  0.2411E+01  0.2411E+01
  0.2523E+00  0.2350E+01  0.3922E-01  0.2377E+01  0.2377E+01
  0.2536E+00  0.2313E+01  0.3907E-01  0.2344E+01  0.2344E+01
  0.2548E+00  0.2283E+01  0.3955E-01  0.2312E+01  0.2312E+01
  0.2560E+00  0.2333E+01  0.3769E-01  0.2281E+01  0.2281E+01
  0.2572E+00  0.2312E+01  0.3759E-01  0.2251E+01  0.2251E+01
  0.2584E+00  0.2183E+01  0.3733E-01  0.2222E+01  0.2222E+01
  0.2596E+00  0.2179E+01  0.3667E-01  0.2194E+01  0.2194E+01
  0.2608E+00  0.2224E+01  0.3858E-01  0.2167E+01  0.2167E+01
  0.2621E+00  0.2163E+01  0.3771E-01  0.2141E+01  0.2141E+01
  0.2633E+00  0.2167E+01  0.3519E-01  0.2116E+01  0.2116E+01
  0.2645E+00  0.2158E+01  0.3743E-01  0.2092E+01  0.2092E+01
  0.2657E+00  0.2074E+01  0.3705E-01  0.2069E+01  0.2069E+01
  0.2669E+00  0.2042E+01  0.3581E-01  0.2047E+01  0.2047E+01
  0.2681E+00  0.1964E+01  0.3571E-01  0.2026E+01  0.2026E+01
  0.2694E+00  0.2014E+01  0.3652E-01  0.2006E+01  0.2006E+01
  0.2706E+00  0.1987E+01  0.3537E-01  0.1987E+01  0.1987E+01
  0.2718E+00  0.2008E+01  0.3650E-01  0.1968E+01  0.1968E+01
  0.2730E+00  0.1869E+01  0.3464E-01  0.1950E+01  0.1950E+01
  0.2742E+00  0.1975E+01  0.3456E-01  0.1933E+01  0.1933E+01
  0.2754E+00  0.1992E+01  0.3504E-01  0.1917E+01  0.1917E+01
  0.2767E+00  0.1920E+01  0.3657E-01  0.1902E+01  0.1902E+01
  0.2779E+00  0.1803E+01  0.3460E-01  0.1887E+01  0.1887E+01
  0.2791E+00  0.1824E+01  0.3493E-01  0.1873E+01  0.1873E+01
  0.2803E+00  0.1816E+01  0.3392E-01  0.1860E+01  0.1860E+01
  0.2815E+00  0.1803E+01  0.3356E-01  0.1847E+01  0.1847E+01
  0.2827E+00  0.1824E+01  0.3361E-01  0.1835E+01  0.1835E+01
  0.2839E+00  0.1803E+01  0.3463E-01  0.1824E+01  0.1824E+01
  0.2852E+00  0.1805E+01  0.3499E-01  0.1813E+01  0.1813E+01
  0.2864E+00  0.1768E+01  0.3397E-01  0.1803E+01  0.1803E+01
  0.2876E+00  0.1730E+01  0.3340E-01  0.1793E+01  0.1793E+01
  0.2888E+00  0.1769E+01  0.3282E-01  0.1784E+01  0.1784E+01
  0.2900E+00  0.1731E+01  0.3303E-01  0.1775E+01  0.1775E+01
  0.2912E+00  0.1761E+01  0.3470E-01  0.1767E+01  0.1767E+01
  0.2925E+00  0.1747E+01  0.3374E-01  0.1759E+01  0.1759E+01
  0.2937E+00  0.1700E+01  0.3255E-01  0.1752E+01  0.1752E+01
  0.2949E+00  0.1729E+01  0.3895E-01  0.1745E+01  0.1745E+01
  0.2961E+00  0.1733E+01  0.3248E-01  0.1738E+01  0.1738E+01
  0.2973E+00  0.1765E+01  0.3380E-01  0.1732E+01  0.1732E+01
  0.2985E+00  0.1761E+01  0.3221E-01  0.1726E+01  0.1726E+01
  0.2998E+00  0.1694E+01  0.3124E-01  0.1720E+01  0.1720E+01
  0.3010E+00  0.1666E+01  0.3207E-01  0.1715E+01  0.1715E+01
  0.3022E+00  0.1743E+01  0.3200E-01  0.1709E+01  0.1709E+01
  0.3034E+00  0.1749E+01  0.3091E-01  0.1705E+01  0.1705E+01
  0.3046E+00  0.1683E+01  0.3071E-01  0.1700E+01  0.1700E+01
  0.3058E+00  0.1700E+01  0.3170E-01  0.1695E+01  0.1695E+01
  0.3070E+00  0.1659E+01  0.3131E-01  0.1691E+01  0.1691E+01
  0.3083E+00  0.1670E+01  0.3023E-01  0.1687E+01  0.1687E+01
  0.3095E+00  0.1696E+01  0.3132E-01  0.1683E+01  0.1683E+01
  0.3107E+00  0.1691E+01  0.3210E-01  0.1679E+01  0.1679E+01
  0.3119E+00  0.1765E+01  0.3540E-01  0.1675E+01  0.1675E+01
  0.3131E+00  0.1766E+01  0.3666E-01  0.1671E+01  0.1671E+01
  0.3143E+00  0.1706E+01  0.3668E-01  0.1667E+01  0.1667E+01
  0.3156E+00  0.1679E+01  0.3930E-01  0.1664E+01  0.1664E+01
  0.3168E+00  0.1620E+01  0.4307E-01  0.1660E+01  0.1660E+01
  0.3180E+00  0.1675E+01  0.4691E-01  0.1657E+01  0.1657E+01
  0.3192E+00  0.1747E+01  0.4934E-01  0.1653E+01  0.1653E+01
  0.3204E+00  0.1615E+01  0.6370E-01  0.1650E+01  0.1650E+01
  0.3216E+00  0.1512E+01  0.7004E-01  0.1646E+01  0.1646E+01
  0.3225E+00  0.1502E+01  0.2131E+00  0.1644E+01  0.1644E+01

           Distance distribution  function of particle  


       R          P(R)      ERROR

  0.0000E+00  0.0000E+00  0.0000E+00
  0.5600E+00  0.8574E-02  0.1682E-03
  0.1120E+01  0.1683E-01  0.2918E-03
  0.1680E+01  0.2477E-01  0.3725E-03
  0.2240E+01  0.3241E-01  0.4127E-03
  0.2800E+01  0.3979E-01  0.4158E-03
  0.3360E+01  0.4692E-01  0.3862E-03
  0.3920E+01  0.5383E-01  0.3289E-03
  0.4480E+01  0.6057E-01  0.2495E-03
  0.5040E+01  0.6716E-01  0.1551E-03
  0.5600E+01  0.7364E-01  0.6364E-04
  0.6160E+01  0.8005E-01  0.9230E-04
  0.6720E+01  0.8642E-01  0.1971E-03
  0.7280E+01  0.9277E-01  0.3026E-03
  0.7840E+01  0.9913E-01  0.3987E-03
  0.8400E+01  0.1055E+00  0.4804E-03
  0.8960E+01  0.1119E+00  0.5441E-03
  0.9520E+01  0.1184E+00  0.5871E-03
  0.1008E+02  0.1249E+00  0.6076E-03
  0.1064E+02  0.1314E+00  0.6049E-03
  0.1120E+02  0.1379E+00  0.5793E-03
  0.1176E+02  0.1443E+00  0.5322E-03
  0.1232E+02  0.1507E+00  0.4657E-03
  0.1288E+02  0.1570E+00  0.3835E-03
  0.1344E+02  0.1631E+00  0.2911E-03
  0.1400E+02  0.1691E+00  0.1992E-03
  0.1456E+02  0.1747E+00  0.1388E-03
  0.1512E+02  0.1800E+00  0.1645E-03
  0.1568E+02  0.1850E+00  0.2501E-03
  0.1624E+02  0.1896E+00  0.3480E-03
  0.1680E+02  0.1937E+00  0.4413E-03
  0.1736E+02  0.1973E+00  0.5228E-03
  0.1792E+02  0.2004E+00  0.5880E-03
  0.1848E+02  0.2029E+00  0.6340E-03
  0.1904E+02  0.2049E+00  0.6590E-03
  0.1960E+02  0.2063E+00  0.6620E-03
  0.2016E+02  0.2072E+00  0.6430E-03
  0.2072E+02  0.2075E+00  0.6031E-03
  0.2128E+02  0.2072E+00  0.5446E-03
  0.2184E+02  0.2065E+00  0.4708E-03
  0.2240E+02  0.2054E+00  0.3873E-03
  0.2296E+02  0.2038E+00  0.3033E-03
  0.2352E+02  0.2019E+00  0.2369E-03
  0.2408E+02  0.1997E+00  0.2187E-03
  0.2464E+02  0.1972E+00  0.2618E-03
  0.2520E+02  0.1946E+00  0.3399E-03
  0.2576E+02  0.1919E+00  0.4272E-03
  0.2632E+02  0.1891E+00  0.5100E-03
  0.2688E+02  0.1863E+00  0.5812E-03
  0.2744E+02  0.1836E+00  0.6363E-03
  0.2800E+02  0.1809E+00  0.6724E-03
  0.2856E+02  0.1784E+00  0.6881E-03
  0.2912E+02  0.1760E+00  0.6828E-03
  0.2968E+02  0.1737E+00  0.6572E-03
  0.3024E+02  0.1716E+00  0.6132E-03
  0.3080E+02  0.1696E+00  0.5540E-03
  0.3136E+02  0.1677E+00  0.4849E-03
  0.3192E+02  0.1659E+00  0.4140E-03
  0.3248E+02  0.1642E+00  0.3541E-03
  0.3304E+02  0.1625E+00  0.3230E-03
  0.3360E+02  0.1608E+00  0.3346E-03
  0.3416E+02  0.1590E+00  0.3848E-03
  0.3472E+02  0.1571E+00  0.4564E-03
  0.3528E+02  0.1551E+00  0.5339E-03
  0.3584E+02  0.1528E+00  0.6070E-03
  0.3640E+02  0.1502E+00  0.6689E-03
  0.3696E+02  0.1474E+00  0.7155E-03
  0.3752E+02  0.1442E+00  0.7441E-03
  0.3808E+02  0.1407E+00  0.7533E-03
  0.3864E+02  0.1368E+00  0.7430E-03
  0.3920E+02  0.1325E+00  0.7143E-03
  0.3976E+02  0.1279E+00  0.6696E-03
  0.4032E+02  0.1229E+00  0.6128E-03
  0.4088E+02  0.1177E+00  0.5502E-03
  0.4144E+02  0.1121E+00  0.4906E-03
  0.4200E+02  0.1063E+00  0.4463E-03
  0.4256E+02  0.1004E+00  0.4303E-03
  0.4312E+02  0.9428E-01  0.4498E-03
  0.4368E+02  0.8813E-01  0.5004E-03
  0.4424E+02  0.8199E-01  0.5702E-03
  0.4480E+02  0.7590E-01  0.6470E-03
  0.4536E+02  0.6994E-01  0.7213E-03
  0.4592E+02  0.6415E-01  0.7862E-03
  0.4648E+02  0.5860E-01  0.8366E-03
  0.4704E+02  0.5331E-01  0.8688E-03
  0.4760E+02  0.4833E-01  0.8800E-03
  0.4816E+02  0.4368E-01  0.8688E-03
  0.4872E+02  0.3938E-01  0.8350E-03
  0.4928E+02  0.3543E-01  0.7805E-03
  0.4984E+02  0.3184E-01  0.7101E-03
  0.5040E+02  0.2859E-01  0.6345E-03
  0.5096E+02  0.2567E-01  0.5741E-03
  0.5152E+02  0.2306E-01  0.5590E-03
  0.5208E+02  0.2075E-01  0.6149E-03
  0.5264E+02  0.1871E-01  0.7391E-03
  0.5320E+02  0.1693E-01  0.9080E-03
  0.5376E+02  0.1541E-01  0.1096E-02
  0.5432E+02  0.1415E-01  0.1279E-02
  0.5488E+02  0.1318E-01  0.1438E-02
  0.5544E+02  0.1254E-01  0.1550E-02
  0.5600E+02  0.1229E-01  0.1594E-02
          Reciprocal space: Rg =   19.86     , I(0) =   0.8465E+02
     Real space: Rg =   19.87 +- 0.016  I(0) =   0.8469E+02 +-  0.5630E-01
